# JRE version: Java(TM) SE Runtime Environment (8.0_161-b12) (build 1.8.0_161-b12)
# Java VM: Java HotSpot(TM) 64-Bit Server VM (25.161-b12 mixed mode linux-amd64 compressed oops)
Heap:
 PSYoungGen      total 238592K, used 387K [0x0000000777100000, 0x0000000786700000, 0x00000007c0000000)
  eden space 225280K, 0% used [0x0000000777100000,0x0000000777100000,0x0000000784d00000)
  from space 13312K, 2% used [0x0000000784d00000,0x0000000784d60e88,0x0000000785a00000)
  to   space 12800K, 0% used [0x0000000785a80000,0x0000000785a80000,0x0000000786700000)
 ParOldGen       total 87040K, used 13172K [0x00000006e5200000, 0x00000006ea700000, 0x0000000777100000)
  object space 87040K, 15% used [0x00000006e5200000,0x00000006e5edd048,0x00000006ea700000)
 Metaspace       used 21215K, capacity 21856K, committed 22144K, reserved 1069056K
  class space    used 2439K, capacity 2620K, committed 2688K, reserved 1048576K
GC Heap History (10 events):
Event: 2.344 GC heap after
Heap after GC invocations=3 (full 0):
 PSYoungGen      total 65536K, used 8477K [0x0000000777100000, 0x000000077f100000, 0x00000007c0000000)
  eden space 56320K, 0% used [0x0000000777100000,0x0000000777100000,0x000000077a800000)
  from space 9216K, 91% used [0x000000077a800000,0x000000077b047498,0x000000077b100000)
  to   space 9216K, 0% used [0x000000077e800000,0x000000077e800000,0x000000077f100000)
 ParOldGen       total 150528K, used 24K [0x00000006e5200000, 0x00000006ee500000, 0x0000000777100000)
  object space 150528K, 0% used [0x00000006e5200000,0x00000006e5206000,0x00000006ee500000)
 Metaspace       used 16539K, capacity 16824K, committed 17280K, reserved 1064960K
  class space    used 1970K, capacity 2073K, committed 2176K, reserved 1048576K
}
Event: 2.708 GC heap before
{Heap before GC invocations=4 (full 0):
 PSYoungGen      total 65536K, used 64797K [0x0000000777100000, 0x000000077f100000, 0x00000007c0000000)
  eden space 56320K, 100% used [0x0000000777100000,0x000000077a800000,0x000000077a800000)
  from space 9216K, 91% used [0x000000077a800000,0x000000077b047498,0x000000077b100000)
  to   space 9216K, 0% used [0x000000077e800000,0x000000077e800000,0x000000077f100000)
 ParOldGen       total 150528K, used 24K [0x00000006e5200000, 0x00000006ee500000, 0x0000000777100000)
  object space 150528K, 0% used [0x00000006e5200000,0x00000006e5206000,0x00000006ee500000)
 Metaspace       used 16960K, capacity 17250K, committed 17536K, reserved 1064960K
  class space    used 1990K, capacity 2080K, committed 2176K, reserved 1048576K
Event: 2.723 GC heap after
Heap after GC invocations=4 (full 0):
 PSYoungGen      total 121856K, used 9200K [0x0000000777100000, 0x000000077f100000, 0x00000007c0000000)
  eden space 112640K, 0% used [0x0000000777100000,0x0000000777100000,0x000000077df00000)
  from space 9216K, 99% used [0x000000077e800000,0x000000077f0fc010,0x000000077f100000)
  to   space 9216K, 0% used [0x000000077df00000,0x000000077df00000,0x000000077e800000)
 ParOldGen       total 150528K, used 1033K [0x00000006e5200000, 0x00000006ee500000, 0x0000000777100000)
  object space 150528K, 0% used [0x00000006e5200000,0x00000006e5302420,0x00000006ee500000)
 Metaspace       used 16960K, capacity 17250K, committed 17536K, reserved 1064960K
  class space    used 1990K, capacity 2080K, committed 2176K, reserved 1048576K
}
Event: 3.573 GC heap before
{Heap before GC invocations=5 (full 0):
 PSYoungGen      total 121856K, used 121840K [0x0000000777100000, 0x000000077f100000, 0x00000007c0000000)
  eden space 112640K, 100% used [0x0000000777100000,0x000000077df00000,0x000000077df00000)
  from space 9216K, 99% used [0x000000077e800000,0x000000077f0fc010,0x000000077f100000)
  to   space 9216K, 0% used [0x000000077df00000,0x000000077df00000,0x000000077e800000)
 ParOldGen       total 150528K, used 1033K [0x00000006e5200000, 0x00000006ee500000, 0x0000000777100000)
  object space 150528K, 0% used [0x00000006e5200000,0x00000006e5302420,0x00000006ee500000)
 Metaspace       used 19588K, capacity 20102K, committed 20352K, reserved 1067008K
  class space    used 2254K, capacity 2377K, committed 2432K, reserved 1048576K
Event: 3.601 GC heap after
Heap after GC invocations=5 (full 0):
 PSYoungGen      total 121856K, used 9184K [0x0000000777100000, 0x0000000786800000, 0x00000007c0000000)
  eden space 112640K, 0% used [0x0000000777100000,0x0000000777100000,0x000000077df00000)
  from space 9216K, 99% used [0x000000077df00000,0x000000077e7f8020,0x000000077e800000)
  to   space 13824K, 0% used [0x0000000785a80000,0x0000000785a80000,0x0000000786800000)
 ParOldGen       total 150528K, used 5782K [0x00000006e5200000, 0x00000006ee500000, 0x0000000777100000)
  object space 150528K, 3% used [0x00000006e5200000,0x00000006e57a5968,0x00000006ee500000)
 Metaspace       used 19588K, capacity 20102K, committed 20352K, reserved 1067008K
  class space    used 2254K, capacity 2377K, committed 2432K, reserved 1048576K
}
Event: 3.728 GC heap before
{Heap before GC invocations=6 (full 0):
 PSYoungGen      total 121856K, used 14899K [0x0000000777100000, 0x0000000786800000, 0x00000007c0000000)
  eden space 112640K, 5% used [0x0000000777100000,0x0000000777694de0,0x000000077df00000)
  from space 9216K, 99% used [0x000000077df00000,0x000000077e7f8020,0x000000077e800000)
  to   space 13824K, 0% used [0x0000000785a80000,0x0000000785a80000,0x0000000786800000)
 ParOldGen       total 150528K, used 5782K [0x00000006e5200000, 0x00000006ee500000, 0x0000000777100000)
  object space 150528K, 3% used [0x00000006e5200000,0x00000006e57a5968,0x00000006ee500000)
 Metaspace       used 20527K, capacity 21142K, committed 21248K, reserved 1069056K
  class space    used 2352K, capacity 2529K, committed 2560K, reserved 1048576K
Event: 3.744 GC heap after
Heap after GC invocations=6 (full 0):
 PSYoungGen      total 238080K, used 9648K [0x0000000777100000, 0x0000000786700000, 0x00000007c0000000)
  eden space 225280K, 0% used [0x0000000777100000,0x0000000777100000,0x0000000784d00000)
  from space 12800K, 75% used [0x0000000785a80000,0x00000007863ec010,0x0000000786700000)
  to   space 13312K, 0% used [0x0000000784d00000,0x0000000784d00000,0x0000000785a00000)
 ParOldGen       total 150528K, used 5790K [0x00000006e5200000, 0x00000006ee500000, 0x0000000777100000)
  object space 150528K, 3% used [0x00000006e5200000,0x00000006e57a7968,0x00000006ee500000)
 Metaspace       used 20527K, capacity 21142K, committed 21248K, reserved 1069056K
  class space    used 2352K, capacity 2529K, committed 2560K, reserved 1048576K
}
Event: 3.744 GC heap before
{Heap before GC invocations=7 (full 1):
 PSYoungGen      total 238080K, used 9648K [0x0000000777100000, 0x0000000786700000, 0x00000007c0000000)
  eden space 225280K, 0% used [0x0000000777100000,0x0000000777100000,0x0000000784d00000)
  from space 12800K, 75% used [0x0000000785a80000,0x00000007863ec010,0x0000000786700000)
  to   space 13312K, 0% used [0x0000000784d00000,0x0000000784d00000,0x0000000785a00000)
 ParOldGen       total 150528K, used 5790K [0x00000006e5200000, 0x00000006ee500000, 0x0000000777100000)
  object space 150528K, 3% used [0x00000006e5200000,0x00000006e57a7968,0x00000006ee500000)
 Metaspace       used 20527K, capacity 21142K, committed 21248K, reserved 1069056K
  class space    used 2352K, capacity 2529K, committed 2560K, reserved 1048576K
Event: 3.795 GC heap after
Heap after GC invocations=7 (full 1):
 PSYoungGen      total 238080K, used 0K [0x0000000777100000, 0x0000000786700000, 0x00000007c0000000)
  eden space 225280K, 0% used [0x0000000777100000,0x0000000777100000,0x0000000784d00000)
  from space 12800K, 0% used [0x0000000785a80000,0x0000000785a80000,0x0000000786700000)
  to   space 13312K, 0% used [0x0000000784d00000,0x0000000784d00000,0x0000000785a00000)
 ParOldGen       total 87040K, used 13172K [0x00000006e5200000, 0x00000006ea700000, 0x0000000777100000)
  object space 87040K, 15% used [0x00000006e5200000,0x00000006e5edd048,0x00000006ea700000)
 Metaspace       used 20527K, capacity 21142K, committed 21248K, reserved 1069056K
  class space    used 2352K, capacity 2529K, committed 2560K, reserved 1048576K
}
Event: 144.252 GC heap before
{Heap before GC invocations=8 (full 1):
 PSYoungGen      total 238080K, used 12683K [0x0000000777100000, 0x0000000786700000, 0x00000007c0000000)
  eden space 225280K, 5% used [0x0000000777100000,0x0000000777d62cb0,0x0000000784d00000)
  from space 12800K, 0% used [0x0000000785a80000,0x0000000785a80000,0x0000000786700000)
  to   space 13312K, 0% used [0x0000000784d00000,0x0000000784d00000,0x0000000785a00000)
 ParOldGen       total 87040K, used 13172K [0x00000006e5200000, 0x00000006ea700000, 0x0000000777100000)
  object space 87040K, 15% used [0x00000006e5200000,0x00000006e5edd048,0x00000006ea700000)
 Metaspace       used 21215K, capacity 21856K, committed 22144K, reserved 1069056K
  class space    used 2439K, capacity 2620K, committed 2688K, reserved 1048576K

