# JRE version: Java(TM) SE Runtime Environment (8.0_161-b12) (build 1.8.0_161-b12)
# Java VM: Java HotSpot(TM) 64-Bit Server VM (25.161-b12 mixed mode linux-amd64 compressed oops)
Heap:
 PSYoungGen      total 121856K, used 9184K [0x0000000777100000, 0x000000077f100000, 0x00000007c0000000)
  eden space 112640K, 0% used [0x0000000777100000,0x0000000777100000,0x000000077df00000)
  from space 9216K, 99% used [0x000000077df00000,0x000000077e7f8040,0x000000077e800000)
  to   space 9216K, 0% used [0x000000077e800000,0x000000077e800000,0x000000077f100000)
 ParOldGen       total 150528K, used 1571K [0x00000006e5200000, 0x00000006ee500000, 0x0000000777100000)
  object space 150528K, 1% used [0x00000006e5200000,0x00000006e5388e70,0x00000006ee500000)
 Metaspace       used 17012K, capacity 17250K, committed 17536K, reserved 1064960K
  class space    used 1990K, capacity 2080K, committed 2176K, reserved 1048576K
GC Heap History (5 events):
Event: 0.860 GC heap before
{Heap before GC invocations=1 (full 0):
 PSYoungGen      total 65536K, used 56320K [0x0000000777100000, 0x000000077ba00000, 0x00000007c0000000)
  eden space 56320K, 100% used [0x0000000777100000,0x000000077a800000,0x000000077a800000)
  from space 9216K, 0% used [0x000000077b100000,0x000000077b100000,0x000000077ba00000)
  to   space 9216K, 0% used [0x000000077a800000,0x000000077a800000,0x000000077b100000)
 ParOldGen       total 150528K, used 0K [0x00000006e5200000, 0x00000006ee500000, 0x0000000777100000)
  object space 150528K, 0% used [0x00000006e5200000,0x00000006e5200000,0x00000006ee500000)
 Metaspace       used 10831K, capacity 10974K, committed 11264K, reserved 1058816K
  class space    used 1364K, capacity 1443K, committed 1536K, reserved 1048576K
Event: 0.880 GC heap after
Heap after GC invocations=1 (full 0):
 PSYoungGen      total 65536K, used 8884K [0x0000000777100000, 0x000000077f100000, 0x00000007c0000000)
  eden space 56320K, 0% used [0x0000000777100000,0x0000000777100000,0x000000077a800000)
  from space 9216K, 96% used [0x000000077a800000,0x000000077b0ad0d8,0x000000077b100000)
  to   space 9216K, 0% used [0x000000077e800000,0x000000077e800000,0x000000077f100000)
 ParOldGen       total 150528K, used 8K [0x00000006e5200000, 0x00000006ee500000, 0x0000000777100000)
  object space 150528K, 0% used [0x00000006e5200000,0x00000006e5202000,0x00000006ee500000)
 Metaspace       used 10831K, capacity 10974K, committed 11264K, reserved 1058816K
  class space    used 1364K, capacity 1443K, committed 1536K, reserved 1048576K
}
Event: 1.642 GC heap before
{Heap before GC invocations=2 (full 0):
 PSYoungGen      total 65536K, used 65204K [0x0000000777100000, 0x000000077f100000, 0x00000007c0000000)
  eden space 56320K, 100% used [0x0000000777100000,0x000000077a800000,0x000000077a800000)
  from space 9216K, 96% used [0x000000077a800000,0x000000077b0ad0d8,0x000000077b100000)
  to   space 9216K, 0% used [0x000000077e800000,0x000000077e800000,0x000000077f100000)
 ParOldGen       total 150528K, used 8K [0x00000006e5200000, 0x00000006ee500000, 0x0000000777100000)
  object space 150528K, 0% used [0x00000006e5200000,0x00000006e5202000,0x00000006ee500000)
 Metaspace       used 16030K, capacity 16260K, committed 16384K, reserved 1062912K
  class space    used 1953K, capacity 2036K, committed 2048K, reserved 1048576K
Event: 1.651 GC heap after
Heap after GC invocations=2 (full 0):
 PSYoungGen      total 121856K, used 7788K [0x0000000777100000, 0x000000077f100000, 0x00000007c0000000)
  eden space 112640K, 0% used [0x0000000777100000,0x0000000777100000,0x000000077df00000)
  from space 9216K, 84% used [0x000000077e800000,0x000000077ef9b178,0x000000077f100000)
  to   space 9216K, 0% used [0x000000077df00000,0x000000077df00000,0x000000077e800000)
 ParOldGen       total 150528K, used 16K [0x00000006e5200000, 0x00000006ee500000, 0x0000000777100000)
  object space 150528K, 0% used [0x00000006e5200000,0x00000006e5204000,0x00000006ee500000)
 Metaspace       used 16030K, capacity 16260K, committed 16384K, reserved 1062912K
  class space    used 1953K, capacity 2036K, committed 2048K, reserved 1048576K
}
Event: 3.707 GC heap before
{Heap before GC invocations=3 (full 0):
 PSYoungGen      total 121856K, used 120428K [0x0000000777100000, 0x000000077f100000, 0x00000007c0000000)
  eden space 112640K, 100% used [0x0000000777100000,0x000000077df00000,0x000000077df00000)
  from space 9216K, 84% used [0x000000077e800000,0x000000077ef9b178,0x000000077f100000)
  to   space 9216K, 0% used [0x000000077df00000,0x000000077df00000,0x000000077e800000)
 ParOldGen       total 150528K, used 16K [0x00000006e5200000, 0x00000006ee500000, 0x0000000777100000)
  object space 150528K, 0% used [0x00000006e5200000,0x00000006e5204000,0x00000006ee500000)
 Metaspace       used 17012K, capacity 17250K, committed 17536K, reserved 1064960K
  class space    used 1990K, capacity 2080K, committed 2176K, reserved 1048576K

